[debug] [2023-03-17T11:58:06.521Z] ----------------------------------------------------------------------
[debug] [2023-03-17T11:58:06.524Z] Command:       /home/ademary/.nvm/versions/node/v18.12.1/bin/node /home/ademary/.local/share/pnpm/global/5/node_modules/firebase-tools/lib/bin/firebase.js init hosting
[debug] [2023-03-17T11:58:06.524Z] CLI Version:   11.20.0
[debug] [2023-03-17T11:58:06.525Z] Platform:      linux
[debug] [2023-03-17T11:58:06.525Z] Node Version:  v18.12.1
[debug] [2023-03-17T11:58:06.526Z] Time:          Fri Mar 17 2023 12:58:06 GMT+0100 (West Africa Standard Time)
[debug] [2023-03-17T11:58:06.526Z] ----------------------------------------------------------------------
[debug] 
[debug] [2023-03-17T11:58:06.532Z] > command requires scopes: ["email","openid","https://www.googleapis.com/auth/cloudplatformprojects.readonly","https://www.googleapis.com/auth/firebase","https://www.googleapis.com/auth/cloud-platform"]
[debug] [2023-03-17T11:58:06.532Z] > authorizing via signed-in user (campa.banj@gmail.com)
[info] 
     ######## #### ########  ######## ########     ###     ######  ########
     ##        ##  ##     ## ##       ##     ##  ##   ##  ##       ##
     ######    ##  ########  ######   ########  #########  ######  ######
     ##        ##  ##    ##  ##       ##     ## ##     ##       ## ##
     ##       #### ##     ## ######## ########  ##     ##  ######  ########

You're about to initialize a Firebase project in this directory:

  /home/ademary/Desktop/vue-typescript

[info] 
=== Project Setup
[info] 
[info] First, let's associate this project directory with a Firebase project.
[info] You can create multiple project aliases by running firebase use --add, 
[info] but for now we'll just set up a default project.
[info] 
[debug] [2023-03-17T11:58:12.473Z] >>> [apiv2][query] GET https://firebase.googleapis.com/v1beta1/projects pageSize=100
[debug] [2023-03-17T11:58:13.834Z] <<< [apiv2][status] GET https://firebase.googleapis.com/v1beta1/projects 200
[debug] [2023-03-17T11:58:13.835Z] <<< [apiv2][body] GET https://firebase.googleapis.com/v1beta1/projects [omitted]
[info] i  Using project vue-auth-exam-project (vue-auth-exam-project) 
[info] 
=== Hosting Setup
[info] 
[info] Your public directory is the folder (relative to your project directory) that
[info] will contain Hosting assets to be uploaded with firebase deploy. If you
[info] have a build process for your assets, use your build's output directory.
[info] 
[debug] [2023-03-17T11:58:45.727Z] >>> [apiv2][query] GET https://www.gstatic.com/firebasejs/releases.json [none]
[debug] [2023-03-17T11:58:46.598Z] <<< [apiv2][status] GET https://www.gstatic.com/firebasejs/releases.json 200
[debug] [2023-03-17T11:58:46.598Z] <<< [apiv2][body] GET https://www.gstatic.com/firebasejs/releases.json {"current":{"version":"9.18.0","browserURL":"https://www.gstatic.com/firebasejs/9.18.0/firebase.js","packageURL":"https://www.gstatic.com/firebasejs/9.18.0/firebase.tgz"},"live":{"version":"9.18","browserURL":"https://www.gstatic.com/firebasejs/live/9.18/firebase.js","packageURL":"https://www.gstatic.com/firebasejs/live/9.18/firebase.tgz"},"components":{"analytics":"https://www.gstatic.com/firebasejs/9.18.0/firebase-analytics.js","app":"https://www.gstatic.com/firebasejs/9.18.0/firebase-app.js","app-check":"https://www.gstatic.com/firebasejs/9.18.0/firebase-app-check.js","auth":"https://www.gstatic.com/firebasejs/9.18.0/firebase-auth.js","auth/cordova":"https://www.gstatic.com/firebasejs/9.18.0/firebase-auth/cordova.js","auth/react-native":"https://www.gstatic.com/firebasejs/9.18.0/firebase-auth/react-native.js","functions":"https://www.gstatic.com/firebasejs/9.18.0/firebase-functions.js","firestore":"https://www.gstatic.com/firebasejs/9.18.0/firebase-firestore.js","firestore/lite":"https://www.gstatic.com/firebasejs/9.18.0/firebase-firestore/lite.js","installations":"https://www.gstatic.com/firebasejs/9.18.0/firebase-installations.js","storage":"https://www.gstatic.com/firebasejs/9.18.0/firebase-storage.js","performance":"https://www.gstatic.com/firebasejs/9.18.0/firebase-performance.js","remote-config":"https://www.gstatic.com/firebasejs/9.18.0/firebase-remote-config.js","messaging":"https://www.gstatic.com/firebasejs/9.18.0/firebase-messaging.js","messaging/sw":"https://www.gstatic.com/firebasejs/9.18.0/firebase-messaging/sw.js","database":"https://www.gstatic.com/firebasejs/9.18.0/firebase-database.js","firestore.memory":"https://www.gstatic.com/firebasejs/9.18.0/firebase-firestore.memory.js"}}
[info] i  Skipping write of public/index.html 
[info] 
[info] i  Detected a .git folder at /home/ademary/Desktop/vue-typescript 
[info] i  Authorizing with GitHub to upload your service account to a GitHub repository's secrets store. 
[info] 
[info] Visit this URL on this device to log in:
[info] https://github.com/login/oauth/authorize?client_id=89cf50f02ac6aaed3484&state=99170627&redirect_uri=http%3A%2F%2Flocalhost%3A9005&scope=read%3Auser%20repo%20public_repo
[info] 
[info] Waiting for authentication...
[debug] [2023-03-17T11:58:55.692Z] >>> [apiv2][query] POST https://github.com/login/oauth/access_token [none]
[debug] [2023-03-17T11:58:55.693Z] >>> [apiv2][body] POST https://github.com/login/oauth/access_token [stream]
[debug] [2023-03-17T11:58:56.531Z] <<< [apiv2][status] POST https://github.com/login/oauth/access_token 200
[debug] [2023-03-17T11:58:56.531Z] <<< [apiv2][body] POST https://github.com/login/oauth/access_token {"access_token":"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","token_type":"bearer","scope":"read:user,repo"}
[debug] [2023-03-17T11:58:56.550Z] >>> [apiv2][query] GET https://api.github.com/user [none]
[debug] [2023-03-17T11:58:57.255Z] <<< [apiv2][status] GET https://api.github.com/user 200
[debug] [2023-03-17T11:58:57.260Z] <<< [apiv2][body] GET https://api.github.com/user {"login":"Kaempy","id":37559038,"node_id":"MDQ6VXNlcjM3NTU5MDM4","avatar_url":"https://avatars.githubusercontent.com/u/37559038?v=4","gravatar_id":"","url":"https://api.github.com/users/Kaempy","html_url":"https://github.com/Kaempy","followers_url":"https://api.github.com/users/Kaempy/followers","following_url":"https://api.github.com/users/Kaempy/following{/other_user}","gists_url":"https://api.github.com/users/Kaempy/gists{/gist_id}","starred_url":"https://api.github.com/users/Kaempy/starred{/owner}{/repo}","subscriptions_url":"https://api.github.com/users/Kaempy/subscriptions","organizations_url":"https://api.github.com/users/Kaempy/orgs","repos_url":"https://api.github.com/users/Kaempy/repos","events_url":"https://api.github.com/users/Kaempy/events{/privacy}","received_events_url":"https://api.github.com/users/Kaempy/received_events","type":"User","site_admin":false,"name":"Adebanjo Abolanle Mary","company":"@infostrategytech ","blog":"","location":"FCT Abuja, Nigeria.","email":null,"hireable":null,"bio":"Am a Frontend Engineer passionate about what I do,  philomath and I'm always eager to help others grow, and share my experience with the world. 😊🤗","twitter_username":null,"public_repos":22,"public_gists":0,"followers":5,"following":6,"created_at":"2018-03-19T22:04:07Z","updated_at":"2023-03-09T12:39:28Z","private_gists":0,"total_private_repos":5,"owned_private_repos":5,"disk_usage":33162,"collaborators":1,"two_factor_authentication":false,"plan":{"name":"pro","space":976562499,"collaborators":0,"private_repos":9999}}
[info] 
[info] ✔  Success! Logged into GitHub as Kaempy 
[info] 
